Determining if the pthread_create exist failed with the following output:
Change Dir: /home/nano/MyFiles/Workspace/SUSTech-EE351-Microprocessors-and-Microsystems-Project/build/CMakeFiles/CMakeTmp

Run Build Command:"/usr/bin/make" "cmTC_666d6/fast"
/usr/bin/make -f CMakeFiles/cmTC_666d6.dir/build.make CMakeFiles/cmTC_666d6.dir/build
make[1]: Entering directory '/home/nano/MyFiles/Workspace/SUSTech-EE351-Microprocessors-and-Microsystems-Project/build/CMakeFiles/CMakeTmp'
Building C object CMakeFiles/cmTC_666d6.dir/CheckSymbolExists.c.o
/usr/bin/aarch64-linux-gnu-gcc    -o CMakeFiles/cmTC_666d6.dir/CheckSymbolExists.c.o   -c /home/nano/MyFiles/Workspace/SUSTech-EE351-Microprocessors-and-Microsystems-Project/build/CMakeFiles/CMakeTmp/CheckSymbolExists.c
Linking C executable cmTC_666d6
/usr/bin/cmake -E cmake_link_script CMakeFiles/cmTC_666d6.dir/link.txt --verbose=1
/usr/bin/aarch64-linux-gnu-gcc      CMakeFiles/cmTC_666d6.dir/CheckSymbolExists.c.o  -o cmTC_666d6 
CMakeFiles/cmTC_666d6.dir/CheckSymbolExists.c.o: In function `main':
CheckSymbolExists.c:(.text+0x14): undefined reference to `pthread_create'
CheckSymbolExists.c:(.text+0x18): undefined reference to `pthread_create'
collect2: error: ld returned 1 exit status
CMakeFiles/cmTC_666d6.dir/build.make:97: recipe for target 'cmTC_666d6' failed
make[1]: *** [cmTC_666d6] Error 1
make[1]: Leaving directory '/home/nano/MyFiles/Workspace/SUSTech-EE351-Microprocessors-and-Microsystems-Project/build/CMakeFiles/CMakeTmp'
Makefile:126: recipe for target 'cmTC_666d6/fast' failed
make: *** [cmTC_666d6/fast] Error 2

File /home/nano/MyFiles/Workspace/SUSTech-EE351-Microprocessors-and-Microsystems-Project/build/CMakeFiles/CMakeTmp/CheckSymbolExists.c:
/* */
#include <pthread.h>

int main(int argc, char** argv)
{
  (void)argv;
#ifndef pthread_create
  return ((int*)(&pthread_create))[argc];
#else
  (void)argc;
  return 0;
#endif
}

Determining if the function pthread_create exists in the pthreads failed with the following output:
Change Dir: /home/nano/MyFiles/Workspace/SUSTech-EE351-Microprocessors-and-Microsystems-Project/build/CMakeFiles/CMakeTmp

Run Build Command:"/usr/bin/make" "cmTC_4a634/fast"
/usr/bin/make -f CMakeFiles/cmTC_4a634.dir/build.make CMakeFiles/cmTC_4a634.dir/build
make[1]: Entering directory '/home/nano/MyFiles/Workspace/SUSTech-EE351-Microprocessors-and-Microsystems-Project/build/CMakeFiles/CMakeTmp'
Building C object CMakeFiles/cmTC_4a634.dir/CheckFunctionExists.c.o
/usr/bin/aarch64-linux-gnu-gcc   -DCHECK_FUNCTION_EXISTS=pthread_create   -o CMakeFiles/cmTC_4a634.dir/CheckFunctionExists.c.o   -c /usr/share/cmake-3.10/Modules/CheckFunctionExists.c
Linking C executable cmTC_4a634
/usr/bin/cmake -E cmake_link_script CMakeFiles/cmTC_4a634.dir/link.txt --verbose=1
/usr/bin/aarch64-linux-gnu-gcc  -DCHECK_FUNCTION_EXISTS=pthread_create    CMakeFiles/cmTC_4a634.dir/CheckFunctionExists.c.o  -o cmTC_4a634 -lpthreads 
/usr/bin/ld: cannot find -lpthreads
collect2: error: ld returned 1 exit status
CMakeFiles/cmTC_4a634.dir/build.make:97: recipe for target 'cmTC_4a634' failed
make[1]: *** [cmTC_4a634] Error 1
make[1]: Leaving directory '/home/nano/MyFiles/Workspace/SUSTech-EE351-Microprocessors-and-Microsystems-Project/build/CMakeFiles/CMakeTmp'
Makefile:126: recipe for target 'cmTC_4a634/fast' failed
make: *** [cmTC_4a634/fast] Error 2


